<?xml version="1.0" encoding="UTF-8"?>
<!-- Generated by org.testng.reporters.JUnitXMLReporter -->
<testsuite ignored="0" hostname="LAPTOP-ITPJPPBD" failures="0" tests="3" name="Test" time="0.085" errors="0" timestamp="2024-10-16T23:38:45 IST">
  <testcase classname="test.Test_2" name="@BeforeTest beforeTest" time="-1.729102125249E9">
    <failure type="org.testng.TestNGException" message="
Parameter &amp;apos;Browser&amp;apos; is required by BeforeTest on method beforeTest but has not been marked @Optional or defined
in C:\BANK\Amazon\testng.xml">
      <![CDATA[org.testng.TestNGException: 
Parameter 'Browser' is required by BeforeTest on method beforeTest but has not been marked @Optional or defined
in C:\BANK\Amazon\testng.xml
... Removed 21 stack frames]]>
    </failure>
  </testcase> <!-- @BeforeTest beforeTest -->
  <testcase classname="test.Test_2" name="@BeforeClass beforeClass" time="-1.729102125286E9">
    <skipped/>
  </testcase> <!-- @BeforeClass beforeClass -->
  <testcase classname="test.Test_2" name="@BeforeMethod beforeMethod" time="-1.729102125302E9">
    <skipped/>
  </testcase> <!-- @BeforeMethod beforeMethod -->
  <testcase classname="test.Test_2" name="@AfterMethod afterMethod" time="-1.729102125309E9">
    <skipped/>
  </testcase> <!-- @AfterMethod afterMethod -->
  <testcase classname="test.Test_2" name="@AfterTest afterTest" time="-1.729102125325E9">
    <skipped/>
  </testcase> <!-- @AfterTest afterTest -->
  <testcase classname="test.Test_2" name="signInverify" time="0.0">
    <skipped/>
  </testcase> <!-- signInverify -->
  <testcase classname="test.Test_2" name="orderVerifyWatch" time="0.0">
    <skipped/>
  </testcase> <!-- orderVerifyWatch -->
  <testcase classname="test.Test_2" name="orderVerifyMobile" time="0.0">
    <skipped/>
  </testcase> <!-- orderVerifyMobile -->
</testsuite> <!-- Test -->
